2017-02-21 13:48:57,046 - ml_main - INFO - Start machine learning ...
start...
2017-02-21 13:49:28,693 - ml_main - INFO - ****** start loop 0 
2017-02-21 13:53:04,230 - ml_main - INFO - ****** start loop 1 
2017-02-21 13:57:46,051 - ml_main - INFO - ****** start loop 2 
2017-02-21 14:02:16,883 - ml_main - INFO - ****** start loop 3 
2017-02-21 14:06:45,601 - ml_main - INFO - ****** start loop 4 
2017-02-21 14:11:13,824 - ml_main - INFO - ****** start loop 5 
2017-02-21 14:15:43,207 - ml_main - INFO - ****** start loop 6 
2017-02-21 14:20:10,524 - ml_main - INFO - ****** start loop 7 
2017-02-21 14:24:25,444 - ml_main - INFO - ****** start loop 8 
2017-02-21 14:28:40,467 - ml_main - INFO - ****** start loop 9 
2017-02-21 14:32:57,767 - ml_main - INFO - ****** start loop 10 
2017-02-21 14:37:14,263 - ml_main - INFO - ****** start loop 11 
2017-02-21 14:41:21,187 - ml_main - INFO - ****** start loop 12 
2017-02-21 14:45:29,400 - ml_main - INFO - ****** start loop 13 
2017-02-21 14:49:38,300 - ml_main - INFO - ****** start loop 14 
2017-02-21 14:53:46,245 - ml_main - INFO - ****** start loop 15 
2017-02-21 14:57:54,340 - ml_main - INFO - ****** start loop 16 
2017-02-21 15:01:52,165 - ml_main - INFO - ****** start loop 17 
2017-02-21 15:05:49,265 - ml_main - INFO - ****** start loop 18 
2017-02-21 15:09:48,218 - ml_main - INFO - ****** start loop 19 
2017-02-21 15:13:44,937 - ml_main - INFO - ****** start loop 20 
2017-02-21 15:17:40,108 - ml_main - INFO - ****** start loop 21 
2017-02-21 15:21:24,404 - ml_main - INFO - ****** start loop 22 
2017-02-21 15:25:10,229 - ml_main - INFO - ****** start loop 23 
2017-02-21 15:28:54,692 - ml_main - INFO - ****** start loop 24 
2017-02-21 15:32:39,504 - ml_main - INFO - ****** start loop 25 
2017-02-21 15:36:20,317 - ml_main - INFO - ****** start loop 26 
2017-02-21 15:39:54,981 - ml_main - INFO - ****** start loop 27 
2017-02-21 15:43:31,668 - ml_main - INFO - ****** start loop 28 
2017-02-21 15:47:07,389 - ml_main - INFO - ****** start loop 29 
2017-02-21 15:50:43,032 - ml_main - INFO - ****** start loop 30 
2017-02-21 15:54:20,471 - ml_main - INFO - ****** start loop 31 
2017-02-21 15:57:52,964 - ml_main - INFO - ****** start loop 32 
2017-02-21 16:01:38,117 - ml_main - INFO - ****** start loop 33 
2017-02-21 16:05:11,154 - ml_main - INFO - ****** start loop 34 
2017-02-21 16:08:45,756 - ml_main - INFO - ****** start loop 35 
2017-02-21 16:12:20,383 - ml_main - INFO - ****** start loop 36 
2017-02-21 16:15:55,584 - ml_main - INFO - ****** start loop 37 
2017-02-21 16:19:27,393 - ml_main - INFO - ****** start loop 38 
2017-02-21 16:23:00,994 - ml_main - INFO - ****** start loop 39 
2017-02-21 16:26:34,561 - ml_main - INFO - ****** start loop 40 
2017-02-21 16:30:09,306 - ml_main - INFO - ****** start loop 41 
2017-02-21 16:33:43,346 - ml_main - INFO - ****** start loop 42 
2017-02-21 16:37:15,896 - ml_main - INFO - ****** start loop 43 
2017-02-21 16:40:50,749 - ml_main - INFO - ****** start loop 44 
2017-02-21 16:44:24,376 - ml_main - INFO - ****** start loop 45 
2017-02-21 16:47:58,440 - ml_main - INFO - ****** start loop 46 
2017-02-21 16:51:32,642 - ml_main - INFO - ****** start loop 47 
2017-02-21 16:55:07,940 - ml_main - INFO - ****** start loop 48 
2017-02-21 16:58:39,726 - ml_main - INFO - ****** start loop 49 
2017-02-21 17:02:09,835 - ml_main - INFO - ****** start loop 50 
2017-02-21 17:05:40,308 - ml_main - INFO - ****** start loop 51 
2017-02-21 17:09:11,739 - ml_main - INFO - ****** start loop 52 
2017-02-21 17:12:42,947 - ml_main - INFO - ****** start loop 53 
2017-02-21 17:16:12,356 - ml_main - INFO - ****** start loop 54 
2017-02-21 17:19:40,269 - ml_main - INFO - ****** start loop 55 
2017-02-21 17:23:10,451 - ml_main - INFO - ****** start loop 56 
2017-02-21 17:26:43,033 - ml_main - INFO - ****** start loop 57 
2017-02-21 17:30:14,840 - ml_main - INFO - ****** start loop 58 
2017-02-21 17:33:45,622 - ml_main - INFO - ****** start loop 59 
2017-02-21 17:37:14,637 - ml_main - INFO - ****** start loop 60 
2017-02-21 17:40:43,994 - ml_main - INFO - ****** start loop 61 
2017-02-21 17:44:18,915 - ml_main - INFO - ****** start loop 62 
2017-02-21 17:47:52,021 - ml_main - INFO - ****** start loop 63 
2017-02-21 17:51:24,102 - ml_main - INFO - ****** start loop 64 
2017-02-21 17:54:57,922 - ml_main - INFO - ****** start loop 65 
2017-02-21 17:58:32,140 - ml_main - INFO - ****** start loop 66 
2017-02-21 18:02:05,958 - ml_main - INFO - ****** start loop 67 
2017-02-21 18:05:39,520 - ml_main - INFO - ****** start loop 68 
2017-02-21 18:09:16,076 - ml_main - INFO - ****** start loop 69 
2017-02-21 18:12:47,508 - ml_main - INFO - ****** start loop 70 
2017-02-21 18:16:12,768 - ml_main - INFO - ****** start loop 71 
2017-02-21 18:19:40,333 - ml_main - INFO - ****** start loop 72 
2017-02-21 18:23:06,136 - ml_main - INFO - ****** start loop 73 
2017-02-21 18:26:32,097 - ml_main - INFO - ****** start loop 74 
2017-02-21 18:29:59,169 - ml_main - INFO - ****** start loop 75 
2017-02-21 18:33:29,363 - ml_main - INFO - ****** start loop 76 
2017-02-21 18:36:57,367 - ml_main - INFO - ****** start loop 77 
2017-02-21 18:40:24,301 - ml_main - INFO - ****** start loop 78 
2017-02-21 18:43:53,442 - ml_main - INFO - ****** start loop 79 
2017-02-21 18:47:21,005 - ml_main - INFO - ****** start loop 80 
2017-02-21 18:50:49,583 - ml_main - INFO - ****** start loop 81 
2017-02-21 18:54:17,106 - ml_main - INFO - ****** start loop 82 
2017-02-21 18:57:46,856 - ml_main - INFO - ****** start loop 83 
2017-02-21 19:01:16,196 - ml_main - INFO - ****** start loop 84 
2017-02-21 19:04:44,669 - ml_main - INFO - ****** start loop 85 
2017-02-21 19:08:15,777 - ml_main - INFO - ****** start loop 86 
2017-02-21 19:11:45,931 - ml_main - INFO - ****** start loop 87 
2017-02-21 19:15:11,221 - ml_main - INFO - ****** start loop 88 
2017-02-21 19:18:36,264 - ml_main - INFO - ****** start loop 89 
2017-02-21 19:22:01,860 - ml_main - INFO - ****** start loop 90 
2017-02-21 19:25:29,174 - ml_main - INFO - ****** start loop 91 
2017-02-21 19:28:58,644 - ml_main - INFO - ****** start loop 92 
2017-02-21 19:32:25,458 - ml_main - INFO - ****** start loop 93 
2017-02-21 19:35:50,140 - ml_main - INFO - ****** start loop 94 
2017-02-21 19:39:18,303 - ml_main - INFO - ****** start loop 95 
2017-02-21 19:42:43,838 - ml_main - INFO - ****** start loop 96 
2017-02-21 19:46:08,946 - ml_main - INFO - ****** start loop 97 
2017-02-21 19:49:36,115 - ml_main - INFO - ****** start loop 98 
2017-02-21 19:52:59,239 - ml_main - INFO - ****** start loop 99 
2017-02-21 19:56:14,091 - ml_main - INFO - end machine learning...
2017-02-21 19:56:14,101 - cos_main - INFO - Start cosine similar...
2017-02-21 19:56:14,142 - cos_main - INFO - ****** start loop 0 
2017-02-21 19:59:20,098 - cos_main - INFO - ****** start loop 1 
2017-02-21 20:02:26,068 - cos_main - INFO - ****** start loop 2 
2017-02-21 20:05:32,507 - cos_main - INFO - ****** start loop 3 
2017-02-21 20:08:40,954 - cos_main - INFO - ****** start loop 4 
2017-02-21 20:11:47,456 - cos_main - INFO - ****** start loop 5 
2017-02-21 20:14:55,606 - cos_main - INFO - ****** start loop 6 
2017-02-21 20:18:03,433 - cos_main - INFO - ****** start loop 7 
2017-02-21 20:21:12,113 - cos_main - INFO - ****** start loop 8 
2017-02-21 20:24:21,712 - cos_main - INFO - ****** start loop 9 
2017-02-21 20:27:33,029 - cos_main - INFO - ****** start loop 10 
2017-02-21 20:30:45,747 - cos_main - INFO - ****** start loop 11 
2017-02-21 20:33:46,287 - cos_main - INFO - ****** start loop 12 
2017-02-21 20:36:46,280 - cos_main - INFO - ****** start loop 13 
2017-02-21 20:39:47,320 - cos_main - INFO - ****** start loop 14 
2017-02-21 20:42:50,453 - cos_main - INFO - ****** start loop 15 
2017-02-21 20:45:52,135 - cos_main - INFO - ****** start loop 16 
2017-02-21 20:48:56,608 - cos_main - INFO - ****** start loop 17 
2017-02-21 20:52:01,641 - cos_main - INFO - ****** start loop 18 
2017-02-21 20:55:05,861 - cos_main - INFO - ****** start loop 19 
2017-02-21 20:58:09,065 - cos_main - INFO - ****** start loop 20 
2017-02-21 21:01:13,099 - cos_main - INFO - ****** start loop 21 
2017-02-21 21:04:15,889 - cos_main - INFO - ****** start loop 22 
2017-02-21 21:07:20,070 - cos_main - INFO - ****** start loop 23 
2017-02-21 21:10:24,717 - cos_main - INFO - ****** start loop 24 
2017-02-21 21:13:28,927 - cos_main - INFO - ****** start loop 25 
2017-02-21 21:16:35,543 - cos_main - INFO - ****** start loop 26 
2017-02-21 21:19:42,328 - cos_main - INFO - ****** start loop 27 
2017-02-21 21:22:50,369 - cos_main - INFO - ****** start loop 28 
2017-02-21 21:25:58,091 - cos_main - INFO - ****** start loop 29 
2017-02-21 21:29:05,916 - cos_main - INFO - ****** start loop 30 
2017-02-21 21:32:14,640 - cos_main - INFO - ****** start loop 31 
2017-02-21 21:35:17,725 - cos_main - INFO - ****** start loop 32 
2017-02-21 21:38:25,251 - cos_main - INFO - ****** start loop 33 
2017-02-21 21:41:29,886 - cos_main - INFO - ****** start loop 34 
2017-02-21 21:44:35,037 - cos_main - INFO - ****** start loop 35 
2017-02-21 21:47:41,113 - cos_main - INFO - ****** start loop 36 
2017-02-21 21:50:48,567 - cos_main - INFO - ****** start loop 37 
2017-02-21 21:53:57,053 - cos_main - INFO - ****** start loop 38 
2017-02-21 21:56:56,901 - cos_main - INFO - ****** start loop 39 
2017-02-21 21:59:55,955 - cos_main - INFO - ****** start loop 40 
2017-02-21 22:02:55,307 - cos_main - INFO - ****** start loop 41 
2017-02-21 22:05:57,008 - cos_main - INFO - ****** start loop 42 
2017-02-21 22:08:57,441 - cos_main - INFO - ****** start loop 43 
2017-02-21 22:12:01,948 - cos_main - INFO - ****** start loop 44 
2017-02-21 22:15:04,564 - cos_main - INFO - ****** start loop 45 
2017-02-21 22:18:08,280 - cos_main - INFO - ****** start loop 46 
2017-02-21 22:21:10,773 - cos_main - INFO - ****** start loop 47 
2017-02-21 22:24:13,055 - cos_main - INFO - ****** start loop 48 
2017-02-21 22:27:16,216 - cos_main - INFO - ****** start loop 49 
2017-02-21 22:30:22,190 - cos_main - INFO - ****** start loop 50 
2017-02-21 22:33:28,237 - cos_main - INFO - ****** start loop 51 
2017-02-21 22:36:34,620 - cos_main - INFO - ****** start loop 52 
2017-02-21 22:39:41,296 - cos_main - INFO - ****** start loop 53 
2017-02-21 22:42:49,169 - cos_main - INFO - ****** start loop 54 
2017-02-21 22:45:57,142 - cos_main - INFO - ****** start loop 55 
2017-02-21 22:49:04,978 - cos_main - INFO - ****** start loop 56 
2017-02-21 22:52:14,585 - cos_main - INFO - ****** start loop 57 
2017-02-21 22:55:25,176 - cos_main - INFO - ****** start loop 58 
2017-02-21 22:58:35,118 - cos_main - INFO - ****** start loop 59 
2017-02-21 23:01:43,381 - cos_main - INFO - ****** start loop 60 
2017-02-21 23:04:52,511 - cos_main - INFO - ****** start loop 61 
2017-02-21 23:08:03,179 - cos_main - INFO - ****** start loop 62 
2017-02-21 23:11:13,576 - cos_main - INFO - ****** start loop 63 
2017-02-21 23:14:25,407 - cos_main - INFO - ****** start loop 64 
2017-02-21 23:17:36,774 - cos_main - INFO - ****** start loop 65 
2017-02-21 23:20:52,736 - cos_main - INFO - ****** start loop 66 
2017-02-21 23:24:05,146 - cos_main - INFO - ****** start loop 67 
2017-02-21 23:27:20,831 - cos_main - INFO - ****** start loop 68 
2017-02-21 23:30:37,619 - cos_main - INFO - ****** start loop 69 
2017-02-21 23:33:52,619 - cos_main - INFO - ****** start loop 70 
2017-02-21 23:37:10,409 - cos_main - INFO - ****** start loop 71 
2017-02-21 23:40:24,546 - cos_main - INFO - ****** start loop 72 
2017-02-21 23:43:29,400 - cos_main - INFO - ****** start loop 73 
2017-02-21 23:46:36,441 - cos_main - INFO - ****** start loop 74 
2017-02-21 23:49:41,682 - cos_main - INFO - ****** start loop 75 
2017-02-21 23:52:48,979 - cos_main - INFO - ****** start loop 76 
2017-02-21 23:55:54,305 - cos_main - INFO - ****** start loop 77 
2017-02-21 23:59:03,271 - cos_main - INFO - ****** start loop 78 
2017-02-22 00:02:11,779 - cos_main - INFO - ****** start loop 79 
2017-02-22 00:05:20,099 - cos_main - INFO - ****** start loop 80 
2017-02-22 00:08:28,720 - cos_main - INFO - ****** start loop 81 
2017-02-22 00:11:36,713 - cos_main - INFO - ****** start loop 82 
2017-02-22 00:14:46,633 - cos_main - INFO - ****** start loop 83 
2017-02-22 00:17:57,405 - cos_main - INFO - ****** start loop 84 
2017-02-22 00:21:09,248 - cos_main - INFO - ****** start loop 85 
2017-02-22 00:24:21,614 - cos_main - INFO - ****** start loop 86 
2017-02-22 00:27:32,818 - cos_main - INFO - ****** start loop 87 
2017-02-22 00:30:44,253 - cos_main - INFO - ****** start loop 88 
2017-02-22 00:33:56,205 - cos_main - INFO - ****** start loop 89 
2017-02-22 00:37:16,600 - cos_main - INFO - ****** start loop 90 
2017-02-22 00:40:30,038 - cos_main - INFO - ****** start loop 91 
2017-02-22 00:43:44,182 - cos_main - INFO - ****** start loop 92 
2017-02-22 00:46:54,022 - cos_main - INFO - ****** start loop 93 
2017-02-22 00:49:58,830 - cos_main - INFO - ****** start loop 94 
2017-02-22 00:53:01,493 - cos_main - INFO - ****** start loop 95 
2017-02-22 00:56:07,536 - cos_main - INFO - ****** start loop 96 
2017-02-22 00:59:17,322 - cos_main - INFO - ****** start loop 97 
2017-02-22 01:02:32,210 - cos_main - INFO - ****** start loop 98 
2017-02-22 01:05:42,008 - cos_main - INFO - ****** start loop 99 
2017-02-22 01:09:13,099 - cos_main - INFO - End cosine similar...
